#
# A fatal error has been detected by the Java Runtime Environment:
#
#  SIGSEGV (0xb) at pc=0x00007fffc5461b5d, pid=38159, tid=0x000000000000080b
#
# JRE version: Java(TM) SE Runtime Environment (8.0_101-b13) (build 1.8.0_101-b13)
# Java VM: Java HotSpot(TM) 64-Bit Server VM (25.101-b13 mixed mode bsd-amd64 compressed oops)
# Problematic frame:
# C  [libobjc.A.dylib+0x6b5d]  objc_msgSend+0x1d
#
# Failed to write core dump. Core dumps have been disabled. To enable core dumping, try "ulimit -c unlimited" before starting Java again
#
# If you would like to submit a bug report, please visit:
#   http://bugreport.java.com/bugreport/crash.jsp
# The crash happened outside the Java Virtual Machine in native code.
# See problematic frame for where to report the bug.
#

---------------  T H R E A D  ---------------

Current thread (0x00007ff707122800):  JavaThread "AWT-AppKit" daemon [_thread_in_native, id=2059, stack(0x00007fff4f5bf000,0x00007fff4fdbf000)]

siginfo: si_signo: 11 (SIGSEGV), si_code: 1 (SEGV_MAPERR), si_addr: 0x0000000000000018

Registers:
RAX=0x00007ff70ab806c0, RBX=0x000000016a7f8450, RCX=0x00007ff709300aa0, RDX=0x0000000000000000
RSP=0x00007fff4fdba538, RBP=0x00007fff4fdba5f0, RSI=0x00007fffaf4f01c3, RDI=0x00007ff70ab78ad0
R8 =0x0000000000000018, R9 =0x00007ff709300ac0, R10=0x0000000000000000, R11=0x00007fffaf4f01c3
R12=0x0000000000000000, R13=0x000000016c5d2568, R14=0x000000016a7f8440, R15=0x00007ff707122800
RIP=0x00007fffc5461b5d, EFLAGS=0x0000000000010246, ERR=0x0000000000000004
  TRAPNO=0x000000000000000e

Top of Stack: (sp=0x00007fff4fdba538)
0x00007fff4fdba538:   000000016a7f6157 00007fff4fdba590
0x00007fff4fdba548:   0000000000000003 00007fff4fdba570
0x00007fff4fdba558:   00000001100b08e6 000000016c5d2568
0x00007fff4fdba568:   000000016c5d2568 00007ff70ab806c0
0x00007fff4fdba578:   000000016a7f86a0 000000016a7f8710
0x00007fff4fdba588:   00007fffcb4276d0 00007fffcc08bf90
0x00007fff4fdba598:   000000016a7f8450 000000016a7f8690
0x00007fff4fdba5a8:   00007ff70ab806c0 00007ff70ab78ad0
0x00007fff4fdba5b8:   00007ff706c61f20 00007ff70ab806c0
0x00007fff4fdba5c8:   00007ff70ab78ad0 00007fff4fdba670
0x00007fff4fdba5d8:   00007ff7071229f8 000000016c5d2568
0x00007fff4fdba5e8:   00007fff4fdba698 00007fff4fdba660
0x00007fff4fdba5f8:   0000000118c529d4 00007fff4fdba660
0x00007fff4fdba608:   0000000118c52759 0000000118c5e983
0x00007fff4fdba618:   0000000118c52722 00007fff4fdba620
0x00007fff4fdba628:   000000016c5d2568 00007fff4fdba698
0x00007fff4fdba638:   000000016c5f54b0 0000000000000000
0x00007fff4fdba648:   000000016c5d2568 0000000000000000
0x00007fff4fdba658:   00007fff4fdba680 00007fff4fdba6e0
0x00007fff4fdba668:   0000000118c432bd 00000007802a1660
0x00007fff4fdba678:   0000000118c4c538 00007ff70ab806c0
0x00007fff4fdba688:   0000000118c4de39 00007ff70ab78ad0
0x00007fff4fdba698:   0000000118c4de02 00007fff4fdba6a0
0x00007fff4fdba6a8:   000000016c5d2732 00007fff4fdba708
0x00007fff4fdba6b8:   000000016c5f54b0 0000000000000000
0x00007fff4fdba6c8:   000000016c5d2740 00007fff4fdba680
0x00007fff4fdba6d8:   00007fff4fdba6f0 00007fff4fdba750
0x00007fff4fdba6e8:   0000000118c432bd 00007ff70ab806c0
0x00007fff4fdba6f8:   00000007abe65d18 00007ff70ab78ad0
0x00007fff4fdba708:   00000007abe65d18 00007fff4fdba710
0x00007fff4fdba718:   0000000127da21ee 00007fff4fdba760
0x00007fff4fdba728:   0000000127da22a8 0000000000000000 

Instructions: (pc=0x00007fffc5461b5d)
0x00007fffc5461b3d:   0f 1f 00 48 85 ff 2e 74 62 40 f6 c7 01 2e 75 66
0x00007fffc5461b4d:   49 ba f8 ff ff ff ff 7f 00 00 4c 23 17 49 89 f3
0x00007fffc5461b5d:   45 23 5a 18 49 c1 e3 04 4d 03 5a 10 49 3b 33 75
0x00007fffc5461b6d:   04 41 ff 63 08 49 83 3b 01 76 0d 49 83 c3 10 49 

Register to memory mapping:

RAX=0x00007ff70ab806c0 is an unknown value
RBX=0x000000016a7f8450: Java_jogamp_nativewindow_macosx_OSXUtil_GetScreenRefreshRate0+0x1cf0 in /private/var/folders/vv/0np7xcc51zn7z1z4vd2wkksm0000gn/T/jogamp_0000/file_cache/jln1503637340923717582/jln981294415168209957/libnativewindow_macosx.jnilib at 0x000000016a7f1000
RCX=0x00007ff709300aa0 is an unknown value
RDX=0x0000000000000000 is an unknown value
RSP=0x00007fff4fdba538 is pointing into the stack for thread: 0x00007ff707122800
RBP=0x00007fff4fdba5f0 is pointing into the stack for thread: 0x00007ff707122800
RSI=0x00007fffaf4f01c3: __NSStyleNameIndexTable+0x814d6 in /System/Library/Frameworks/AppKit.framework/Versions/C/AppKit at 0x00007fffae95e000
RDI=0x00007ff70ab78ad0 is an unknown value
R8 =0x0000000000000018 is an unknown value
R9 =0x00007ff709300ac0 is an unknown value
R10=0x0000000000000000 is an unknown value
R11=0x00007fffaf4f01c3: __NSStyleNameIndexTable+0x814d6 in /System/Library/Frameworks/AppKit.framework/Versions/C/AppKit at 0x00007fffae95e000
R12=0x0000000000000000 is an unknown value
R13={method} {0x000000016c5d2568} 'UnsetJAWTRootSurfaceLayer0' '(JJ)V' in 'jogamp/nativewindow/jawt/macosx/MacOSXJAWTWindow'
R14=0x000000016a7f8440: Java_jogamp_nativewindow_macosx_OSXUtil_GetScreenRefreshRate0+0x1ce0 in /private/var/folders/vv/0np7xcc51zn7z1z4vd2wkksm0000gn/T/jogamp_0000/file_cache/jln1503637340923717582/jln981294415168209957/libnativewindow_macosx.jnilib at 0x000000016a7f1000
R15=0x00007ff707122800 is a thread


Stack: [0x00007fff4f5bf000,0x00007fff4fdbf000],  sp=0x00007fff4fdba538,  free space=8173k
Native frames: (J=compiled Java code, j=interpreted, Vv=VM code, C=native code)
C  [libobjc.A.dylib+0x6b5d]  objc_msgSend+0x1d
j  jogamp.nativewindow.jawt.macosx.MacOSXJAWTWindow.UnsetJAWTRootSurfaceLayer0(JJ)V+0
j  jogamp.nativewindow.jawt.macosx.MacOSXJAWTWindow.access$200(JJ)V+2
j  jogamp.nativewindow.jawt.macosx.MacOSXJAWTWindow$1.run()V+38
j  com.jogamp.common.util.RunnableTask.run()V+24
v  ~StubRoutines::call_stub
V  [libjvm.dylib+0x2ecf06]
V  [libjvm.dylib+0x324111]
V  [libjvm.dylib+0x3168df]
C  [libnativewindow_macosx.jnilib+0x5326]  Java_jogamp_nativewindow_jawt_macosx_MacOSXJAWTWindow_UnsetJAWTRootSurfaceLayer0+0x2b6
C  [Foundation+0x71f2a]  __NSThreadPerformPerform+0x146
C  [CoreFoundation+0xa7551]  __CFRUNLOOP_IS_CALLING_OUT_TO_A_SOURCE0_PERFORM_FUNCTION__+0x11
C  [CoreFoundation+0x886bd]  __CFRunLoopDoSources0+0x22d
C  [CoreFoundation+0x87bb6]  __CFRunLoopRun+0x3a6
C  [CoreFoundation+0x875b4]  CFRunLoopRunSpecific+0x1a4
C  [HIToolbox+0x30f6c]  RunCurrentEventLoopInMode+0xf0
C  [HIToolbox+0x30ca9]  ReceiveNextEventCommon+0xb8
C  [HIToolbox+0x30bd6]  _BlockUntilNextEventMatchingListInModeWithFilter+0x47
C  [AppKit+0x475f5]  _DPSNextEvent+0x445
C  [AppKit+0x7578eb]  -[NSApplication(NSEvent) _nextEventMatchingEventMask:untilDate:inMode:dequeue:]+0x665
C  [libosxapp.dylib+0x23aa]  -[NSApplicationAWT nextEventMatchingMask:untilDate:inMode:dequeue:]+0x7c
C  [AppKit+0x3bfbd]  -[NSApplication run]+0x39e
C  [libosxapp.dylib+0x214d]  +[NSApplicationAWT runAWTLoopWithApp:]+0x9c
C  [libawt_lwawt.dylib+0x444b3]  -[AWTStarter starter:]+0x389
C  [Foundation+0x71f2a]  __NSThreadPerformPerform+0x146
C  [CoreFoundation+0xa7551]  __CFRUNLOOP_IS_CALLING_OUT_TO_A_SOURCE0_PERFORM_FUNCTION__+0x11
C  [CoreFoundation+0x886bd]  __CFRunLoopDoSources0+0x22d
C  [CoreFoundation+0x87bb6]  __CFRunLoopRun+0x3a6
C  [CoreFoundation+0x875b4]  CFRunLoopRunSpecific+0x1a4
C  [java+0x6465]  CreateExecutionEnvironment+0x367
C  [java+0x218c]  JLI_Launch+0x7a0
C  [java+0x84c2]  main+0x65
C  [java+0x19e4]  start+0x34
C  0x0000000000000007

Java frames: (J=compiled Java code, j=interpreted, Vv=VM code)
j  jogamp.nativewindow.jawt.macosx.MacOSXJAWTWindow.UnsetJAWTRootSurfaceLayer0(JJ)V+0
j  jogamp.nativewindow.jawt.macosx.MacOSXJAWTWindow.access$200(JJ)V+2
j  jogamp.nativewindow.jawt.macosx.MacOSXJAWTWindow$1.run()V+38
j  com.jogamp.common.util.RunnableTask.run()V+24
v  ~StubRoutines::call_stub

---------------  P R O C E S S  ---------------

Java Threads: ( => current thread )
  0x00007ff70e001800 JavaThread "Thread-3" [_thread_blocked, id=5651, stack(0x0000700007823000,0x0000700007923000)]
  0x00007ff707a31800 JavaThread "AWT-EventQueue-1" [_thread_in_native, id=65355, stack(0x0000700007720000,0x0000700007820000)]
  0x00007ff707a35800 JavaThread "DestroyJavaVM" [_thread_blocked, id=7171, stack(0x000070000615b000,0x000070000625b000)]
  0x00007ff708184800 JavaThread "AWT-EventQueue-0" [_thread_blocked, id=58883, stack(0x000070000751a000,0x000070000761a000)]
  0x00007ff7089e2000 JavaThread "Java2D Disposer" daemon [_thread_blocked, id=55567, stack(0x0000700007291000,0x0000700007391000)]
  0x00007ff7070b5000 JavaThread "Java2D Queue Flusher" daemon [_thread_blocked, id=46387, stack(0x000070000718e000,0x000070000728e000)]
  0x00007ff7089b8000 JavaThread "AWT-Shutdown" [_thread_blocked, id=29727, stack(0x0000700007008000,0x0000700007108000)]
=>0x00007ff707122800 JavaThread "AWT-AppKit" daemon [_thread_in_native, id=2059, stack(0x00007fff4f5bf000,0x00007fff4fdbf000)]
  0x00007ff707835000 JavaThread "Service Thread" daemon [_thread_blocked, id=18691, stack(0x0000700006d7f000,0x0000700006e7f000)]
  0x00007ff70880d800 JavaThread "C1 CompilerThread2" daemon [_thread_blocked, id=18179, stack(0x0000700006c7c000,0x0000700006d7c000)]
  0x00007ff707021800 JavaThread "C2 CompilerThread1" daemon [_thread_blocked, id=17667, stack(0x0000700006b79000,0x0000700006c79000)]
  0x00007ff707021000 JavaThread "C2 CompilerThread0" daemon [_thread_blocked, id=17155, stack(0x0000700006a76000,0x0000700006b76000)]
  0x00007ff707834800 JavaThread "Signal Dispatcher" daemon [_thread_blocked, id=16643, stack(0x0000700006973000,0x0000700006a73000)]
  0x00007ff70781a000 JavaThread "Finalizer" daemon [_thread_blocked, id=12547, stack(0x0000700006870000,0x0000700006970000)]
  0x00007ff707813800 JavaThread "Reference Handler" daemon [_thread_blocked, id=12035, stack(0x000070000676d000,0x000070000686d000)]

Other Threads:
  0x00007ff708025800 VMThread [stack: 0x000070000666a000,0x000070000676a000] [id=11523]
  0x00007ff707840000 WatcherThread [stack: 0x0000700006e82000,0x0000700006f82000] [id=19203]

VM state:not at safepoint (normal execution)

VM Mutex/Monitor currently owned by a thread: None

Heap:
 PSYoungGen      total 18944K, used 7017K [0x00000007aab00000, 0x00000007ad000000, 0x00000007c0000000)
  eden space 16384K, 27% used [0x00000007aab00000,0x00000007aaf62510,0x00000007abb00000)
  from space 2560K, 98% used [0x00000007abd80000,0x00000007abff80a0,0x00000007ac000000)
  to   space 2560K, 0% used [0x00000007abb00000,0x00000007abb00000,0x00000007abd80000)
 ParOldGen       total 44032K, used 9886K [0x0000000780000000, 0x0000000782b00000, 0x00000007aab00000)
  object space 44032K, 22% used [0x0000000780000000,0x00000007809a7b10,0x0000000782b00000)
 Metaspace       used 19698K, capacity 19891K, committed 20096K, reserved 1067008K
  class space    used 2002K, capacity 2078K, committed 2176K, reserved 1048576K

Card table byte_map: [0x0000000111bc0000,0x0000000111dc1000] byte_map_base: 0x000000010dfc0000

Marking Bits: (ParMarkBitMap*) 0x00000001107abd20
 Begin Bits: [0x0000000111f17000, 0x0000000112f17000)
 End Bits:   [0x0000000112f17000, 0x0000000113f17000)

Polling page: 0x0000000110e9e000

CodeCache: size=245760Kb used=5561Kb max_used=5561Kb free=240198Kb
 bounds [0x0000000118c3b000, 0x00000001191bb000, 0x0000000127c3b000]
 total_blobs=2274 nmethods=1401 adapters=787
 compilation: enabled

Compilation events (10 events):
Event: 39.552 Thread 0x00007ff70880d800 1407       3       java.awt.EventQueue::coalesceEvent (86 bytes)
Event: 39.553 Thread 0x00007ff70880d800 nmethod 1407 0x000000011918c610 code [0x000000011918c800, 0x000000011918d518]
Event: 41.425 Thread 0x00007ff70880d800 1408       3       java.awt.Component::isValid (20 bytes)
Event: 41.425 Thread 0x00007ff70880d800 nmethod 1408 0x000000011918c250 code [0x000000011918c3c0, 0x000000011918c5b0]
Event: 41.425 Thread 0x00007ff70880d800 1409       3       java.util.LinkedList::add (7 bytes)
Event: 41.426 Thread 0x00007ff70880d800 nmethod 1409 0x000000011918be90 code [0x000000011918c000, 0x000000011918c1a8]
Event: 41.435 Thread 0x00007ff70880d800 1410       3       java.lang.Throwable::<init> (39 bytes)
Event: 41.436 Thread 0x00007ff70880d800 nmethod 1410 0x000000011918b910 code [0x000000011918ba80, 0x000000011918bda8]
Event: 41.437 Thread 0x00007ff70880d800 1411       1       sun.java2d.SurfaceData::isValid (5 bytes)
Event: 41.437 Thread 0x00007ff70880d800 nmethod 1411 0x000000011918b650 code [0x000000011918b7a0, 0x000000011918b8b0]

GC Heap History (8 events):
Event: 3.879 GC heap before
{Heap before GC invocations=1 (full 0):
 PSYoungGen      total 18944K, used 16384K [0x00000007aab00000, 0x00000007ac000000, 0x00000007c0000000)
  eden space 16384K, 100% used [0x00000007aab00000,0x00000007abb00000,0x00000007abb00000)
  from space 2560K, 0% used [0x00000007abd80000,0x00000007abd80000,0x00000007ac000000)
  to   space 2560K, 0% used [0x00000007abb00000,0x00000007abb00000,0x00000007abd80000)
 ParOldGen       total 44032K, used 0K [0x0000000780000000, 0x0000000782b00000, 0x00000007aab00000)
  object space 44032K, 0% used [0x0000000780000000,0x0000000780000000,0x0000000782b00000)
 Metaspace       used 11434K, capacity 11664K, committed 11904K, reserved 1060864K
  class space    used 1287K, capacity 1346K, committed 1408K, reserved 1048576K
Event: 3.886 GC heap after
Heap after GC invocations=1 (full 0):
 PSYoungGen      total 18944K, used 2553K [0x00000007aab00000, 0x00000007ac000000, 0x00000007c0000000)
  eden space 16384K, 0% used [0x00000007aab00000,0x00000007aab00000,0x00000007abb00000)
  from space 2560K, 99% used [0x00000007abb00000,0x00000007abd7e770,0x00000007abd80000)
  to   space 2560K, 0% used [0x00000007abd80000,0x00000007abd80000,0x00000007ac000000)
 ParOldGen       total 44032K, used 1052K [0x0000000780000000, 0x0000000782b00000, 0x00000007aab00000)
  object space 44032K, 2% used [0x0000000780000000,0x00000007801071b0,0x0000000782b00000)
 Metaspace       used 11434K, capacity 11664K, committed 11904K, reserved 1060864K
  class space    used 1287K, capacity 1346K, committed 1408K, reserved 1048576K
}
Event: 4.649 GC heap before
{Heap before GC invocations=2 (full 0):
 PSYoungGen      total 18944K, used 18937K [0x00000007aab00000, 0x00000007ac000000, 0x00000007c0000000)
  eden space 16384K, 100% used [0x00000007aab00000,0x00000007abb00000,0x00000007abb00000)
  from space 2560K, 99% used [0x00000007abb00000,0x00000007abd7e770,0x00000007abd80000)
  to   space 2560K, 0% used [0x00000007abd80000,0x00000007abd80000,0x00000007ac000000)
 ParOldGen       total 44032K, used 1052K [0x0000000780000000, 0x0000000782b00000, 0x00000007aab00000)
  object space 44032K, 2% used [0x0000000780000000,0x00000007801071b0,0x0000000782b00000)
 Metaspace       used 16189K, capacity 16359K, committed 16640K, reserved 1064960K
  class space    used 1639K, capacity 1692K, committed 1792K, reserved 1048576K
Event: 4.657 GC heap after
Heap after GC invocations=2 (full 0):
 PSYoungGen      total 18944K, used 2528K [0x00000007aab00000, 0x00000007ac000000, 0x00000007c0000000)
  eden space 16384K, 0% used [0x00000007aab00000,0x00000007aab00000,0x00000007abb00000)
  from space 2560K, 98% used [0x00000007abd80000,0x00000007abff8020,0x00000007ac000000)
  to   space 2560K, 0% used [0x00000007abb00000,0x00000007abb00000,0x00000007abd80000)
 ParOldGen       total 44032K, used 2489K [0x0000000780000000, 0x0000000782b00000, 0x00000007aab00000)
  object space 44032K, 5% used [0x0000000780000000,0x000000078026e478,0x0000000782b00000)
 Metaspace       used 16189K, capacity 16359K, committed 16640K, reserved 1064960K
  class space    used 1639K, capacity 1692K, committed 1792K, reserved 1048576K
}
Event: 5.690 GC heap before
{Heap before GC invocations=3 (full 0):
 PSYoungGen      total 18944K, used 18912K [0x00000007aab00000, 0x00000007ac000000, 0x00000007c0000000)
  eden space 16384K, 100% used [0x00000007aab00000,0x00000007abb00000,0x00000007abb00000)
  from space 2560K, 98% used [0x00000007abd80000,0x00000007abff8020,0x00000007ac000000)
  to   space 2560K, 0% used [0x00000007abb00000,0x00000007abb00000,0x00000007abd80000)
 ParOldGen       total 44032K, used 2489K [0x0000000780000000, 0x0000000782b00000, 0x00000007aab00000)
  object space 44032K, 5% used [0x0000000780000000,0x000000078026e478,0x0000000782b00000)
 Metaspace       used 17635K, capacity 17831K, committed 18048K, reserved 1064960K
  class space    used 1793K, capacity 1884K, committed 1920K, reserved 1048576K
Event: 5.706 GC heap after
Heap after GC invocations=3 (full 0):
 PSYoungGen      total 18944K, used 2541K [0x00000007aab00000, 0x00000007ac000000, 0x00000007c0000000)
  eden space 16384K, 0% used [0x00000007aab00000,0x00000007aab00000,0x00000007abb00000)
  from space 2560K, 99% used [0x00000007abb00000,0x00000007abd7b498,0x00000007abd80000)
  to   space 2560K, 0% used [0x00000007abd80000,0x00000007abd80000,0x00000007ac000000)
 ParOldGen       total 44032K, used 6631K [0x0000000780000000, 0x0000000782b00000, 0x00000007aab00000)
  object space 44032K, 15% used [0x0000000780000000,0x0000000780679c58,0x0000000782b00000)
 Metaspace       used 17635K, capacity 17831K, committed 18048K, reserved 1064960K
  class space    used 1793K, capacity 1884K, committed 1920K, reserved 1048576K
}
Event: 6.248 GC heap before
{Heap before GC invocations=4 (full 0):
 PSYoungGen      total 18944K, used 18925K [0x00000007aab00000, 0x00000007ac000000, 0x00000007c0000000)
  eden space 16384K, 100% used [0x00000007aab00000,0x00000007abb00000,0x00000007abb00000)
  from space 2560K, 99% used [0x00000007abb00000,0x00000007abd7b498,0x00000007abd80000)
  to   space 2560K, 0% used [0x00000007abd80000,0x00000007abd80000,0x00000007ac000000)
 ParOldGen       total 44032K, used 6631K [0x0000000780000000, 0x0000000782b00000, 0x00000007aab00000)
  object space 44032K, 15% used [0x0000000780000000,0x0000000780679c58,0x0000000782b00000)
 Metaspace       used 19603K, capacity 19827K, committed 20096K, reserved 1067008K
  class space    used 1993K, capacity 2078K, committed 2176K, reserved 1048576K
Event: 6.262 GC heap after
Heap after GC invocations=4 (full 0):
 PSYoungGen      total 18944K, used 2528K [0x00000007aab00000, 0x00000007ad000000, 0x00000007c0000000)
  eden space 16384K, 0% used [0x00000007aab00000,0x00000007aab00000,0x00000007abb00000)
  from space 2560K, 98% used [0x00000007abd80000,0x00000007abff80a0,0x00000007ac000000)
  to   space 2560K, 0% used [0x00000007abb00000,0x00000007abb00000,0x00000007abd80000)
 ParOldGen       total 44032K, used 9886K [0x0000000780000000, 0x0000000782b00000, 0x00000007aab00000)
  object space 44032K, 22% used [0x0000000780000000,0x00000007809a7b10,0x0000000782b00000)
 Metaspace       used 19603K, capacity 19827K, committed 20096K, reserved 1067008K
  class space    used 1993K, capacity 2078K, committed 2176K, reserved 1048576K
}

Deoptimization events (10 events):
Event: 5.988 Thread 0x00007ff707a31800 Uncommon trap: reason=unstable_if action=reinterpret pc=0x000000011905671c method=sun.nio.cs.UTF_8$Decoder.decodeArrayLoop(Ljava/nio/ByteBuffer;Ljava/nio/CharBuffer;)Ljava/nio/charset/CoderResult; @ 110
Event: 6.084 Thread 0x00007ff707a31800 Uncommon trap: reason=unstable_if action=reinterpret pc=0x0000000119034ed0 method=sun.misc.FloatingDecimal.readJavaFormatString(Ljava/lang/String;)Lsun/misc/FloatingDecimal$ASCIIToBinaryConverter; @ 445
Event: 6.343 Thread 0x00007ff707a31800 Uncommon trap: reason=unstable_if action=reinterpret pc=0x00000001191102a4 method=com.sun.org.apache.xerces.internal.impl.XMLEntityScanner.scanChar(Lcom/sun/org/apache/xerces/internal/impl/XMLScanner$NameType;)I @ 212
Event: 6.343 Thread 0x00007ff707a31800 Uncommon trap: reason=unstable_if action=reinterpret pc=0x000000011909f894 method=com.sun.org.apache.xerces.internal.impl.XMLEntityScanner.skipSpaces()Z @ 72
Event: 6.343 Thread 0x00007ff707a31800 Uncommon trap: reason=unstable_if action=reinterpret pc=0x00000001190f2248 method=com.sun.org.apache.xerces.internal.util.SymbolTable.addSymbol([CII)Ljava/lang/String; @ 28
Event: 6.368 Thread 0x00007ff707a31800 Uncommon trap: reason=unstable_if action=reinterpret pc=0x00000001190a4444 method=com.sun.org.apache.xerces.internal.impl.XMLEntityScanner.scanLiteral(ILcom/sun/org/apache/xerces/internal/xni/XMLString;Z)I @ 44
Event: 39.519 Thread 0x00007ff707a31800 Uncommon trap: reason=class_check action=maybe_recompile pc=0x0000000119044818 method=java.util.Arrays.copyOf([Ljava/lang/Object;ILjava/lang/Class;)[Ljava/lang/Object; @ 24
Event: 39.520 Thread 0x00007ff707a31800 Uncommon trap: reason=class_check action=maybe_recompile pc=0x0000000119044818 method=java.util.Arrays.copyOf([Ljava/lang/Object;ILjava/lang/Class;)[Ljava/lang/Object; @ 24
Event: 39.520 Thread 0x00007ff707a31800 Uncommon trap: reason=class_check action=maybe_recompile pc=0x0000000119044818 method=java.util.Arrays.copyOf([Ljava/lang/Object;ILjava/lang/Class;)[Ljava/lang/Object; @ 24
Event: 39.520 Thread 0x00007ff707a31800 Uncommon trap: reason=class_check action=maybe_recompile pc=0x0000000119044818 method=java.util.Arrays.copyOf([Ljava/lang/Object;ILjava/lang/Class;)[Ljava/lang/Object; @ 24

Internal exceptions (10 events):
Event: 0.361 Thread 0x00007ff707003800 Exception <a 'java/lang/NoSuchFieldError': method resolution failed> (0x00000007aad0c898) thrown at [/HUDSON3/workspace/8-2-build-macosx-x86_64/jdk8u101/7261/hotspot/src/share/vm/prims/methodHandles.cpp, line 1146]
Event: 0.972 Thread 0x00007ff707003800 Exception <a 'java/io/FileNotFoundException'> (0x00000007aad87e80) thrown at [/HUDSON3/workspace/8-2-build-macosx-x86_64/jdk8u101/7261/hotspot/src/share/vm/prims/jni.cpp, line 709]
Event: 0.972 Thread 0x00007ff707003800 Exception <a 'java/io/FileNotFoundException'> (0x00000007aad88a00) thrown at [/HUDSON3/workspace/8-2-build-macosx-x86_64/jdk8u101/7261/hotspot/src/share/vm/prims/jni.cpp, line 709]
Event: 1.014 Thread 0x00007ff707003800 Exception <a 'java/io/FileNotFoundException'> (0x00000007aae36028) thrown at [/HUDSON3/workspace/8-2-build-macosx-x86_64/jdk8u101/7261/hotspot/src/share/vm/prims/jni.cpp, line 709]
Event: 1.105 Thread 0x00007ff707003800 Exception <a 'java/io/FileNotFoundException'> (0x00000007aae73510) thrown at [/HUDSON3/workspace/8-2-build-macosx-x86_64/jdk8u101/7261/hotspot/src/share/vm/prims/jni.cpp, line 709]
Event: 3.897 Thread 0x00007ff70781a000 Exception <a 'java/lang/NullPointerException'> (0x00000007aabd9278) thrown at [/HUDSON3/workspace/8-2-build-macosx-x86_64/jdk8u101/7261/hotspot/src/share/vm/interpreter/linkResolver.cpp, line 1178]
Event: 4.095 Thread 0x00007ff707003800 Exception <a 'java/lang/UnsatisfiedLinkError': com.jogamp.common.util.JarUtil.fixNativeLibAttribs(Ljava/lang/String;)Z> (0x00000007ab01eed0) thrown at [/HUDSON3/workspace/8-2-build-macosx-x86_64/jdk8u101/7261/hotspot/src/share/vm/prims/nativeLookup.cpp, l
Event: 5.521 Thread 0x00007ff707a31800 Exception <a 'java/io/FileNotFoundException'> (0x00000007ab2fdb98) thrown at [/HUDSON3/workspace/8-2-build-macosx-x86_64/jdk8u101/7261/hotspot/src/share/vm/prims/jni.cpp, line 709]
Event: 5.521 Thread 0x00007ff707a31800 Exception <a 'java/io/FileNotFoundException'> (0x00000007ab305150) thrown at [/HUDSON3/workspace/8-2-build-macosx-x86_64/jdk8u101/7261/hotspot/src/share/vm/prims/jni.cpp, line 709]
Event: 5.522 Thread 0x00007ff707a31800 Implicit null exception at 0x0000000118de83b5 to 0x0000000118de872d

Events (10 events):
Event: 41.451 loading class com/jogamp/nativewindow/awt/JAWTWindow$JAWTComponentListener$2
Event: 41.451 loading class com/jogamp/nativewindow/awt/JAWTWindow$JAWTComponentListener$2 done
Event: 41.452 Executing VM operation: RevokeBias
Event: 41.452 Executing VM operation: RevokeBias done
Event: 41.453 loading class jogamp/nativewindow/jawt/macosx/MacOSXJAWTWindow$1
Event: 41.453 loading class jogamp/nativewindow/jawt/macosx/MacOSXJAWTWindow$1 done
Event: 41.454 Executing VM operation: RevokeBias
Event: 41.454 Executing VM operation: RevokeBias done
Event: 41.455 loading class java/awt/LightweightDispatcher$2
Event: 41.455 loading class java/awt/LightweightDispatcher$2 done


Dynamic libraries:
0x000000003bb11000 	/System/Library/Frameworks/Cocoa.framework/Versions/A/Cocoa
0x000000003bb11000 	/System/Library/Frameworks/Security.framework/Versions/A/Security
0x000000003bb11000 	/System/Library/Frameworks/ApplicationServices.framework/Versions/A/ApplicationServices
0x000000003bb11000 	/usr/lib/libz.1.dylib
0x000000003bb11000 	/usr/lib/libSystem.B.dylib
0x000000003bb11000 	/usr/lib/libobjc.A.dylib
0x000000003bb11000 	/System/Library/Frameworks/CoreFoundation.framework/Versions/A/CoreFoundation
0x000000003bb11000 	/System/Library/Frameworks/Foundation.framework/Versions/C/Foundation
0x000000003bb11000 	/System/Library/Frameworks/AppKit.framework/Versions/C/AppKit
0x000000003bb11000 	/System/Library/Frameworks/CoreData.framework/Versions/A/CoreData
0x000000003bb11000 	/System/Library/PrivateFrameworks/RemoteViewServices.framework/Versions/A/RemoteViewServices
0x000000003bb11000 	/System/Library/PrivateFrameworks/UIFoundation.framework/Versions/A/UIFoundation
0x000000003bb11000 	/usr/lib/libenergytrace.dylib
0x000000003bb11000 	/System/Library/PrivateFrameworks/SkyLight.framework/Versions/A/SkyLight
0x000000003bb11000 	/System/Library/Frameworks/CoreGraphics.framework/Versions/A/CoreGraphics
0x000000003bb11000 	/usr/lib/libScreenReader.dylib
0x000000003bb11000 	/System/Library/Frameworks/Accelerate.framework/Versions/A/Accelerate
0x000000003bb11000 	/System/Library/Frameworks/IOSurface.framework/Versions/A/IOSurface
0x000000003bb11000 	/System/Library/Frameworks/AudioToolbox.framework/Versions/A/AudioToolbox
0x000000003bb11000 	/System/Library/Frameworks/AudioUnit.framework/Versions/A/AudioUnit
0x000000003bb11000 	/System/Library/PrivateFrameworks/DataDetectorsCore.framework/Versions/A/DataDetectorsCore
0x000000003bb11000 	/System/Library/PrivateFrameworks/DesktopServicesPriv.framework/Versions/A/DesktopServicesPriv
0x000000003bb11000 	/System/Library/Frameworks/Carbon.framework/Versions/A/Frameworks/HIToolbox.framework/Versions/A/HIToolbox
0x000000003bb11000 	/usr/lib/libicucore.A.dylib
0x000000003bb11000 	/System/Library/Frameworks/QuartzCore.framework/Versions/A/QuartzCore
0x000000003bb11000 	/System/Library/Frameworks/Carbon.framework/Versions/A/Frameworks/SpeechRecognition.framework/Versions/A/SpeechRecognition
0x000000003bb11000 	/usr/lib/libauto.dylib
0x000000003bb11000 	/usr/lib/libxml2.2.dylib
0x000000003bb11000 	/System/Library/PrivateFrameworks/CoreUI.framework/Versions/A/CoreUI
0x000000003bb11000 	/System/Library/Frameworks/CoreAudio.framework/Versions/A/CoreAudio
0x000000003bb11000 	/System/Library/Frameworks/DiskArbitration.framework/Versions/A/DiskArbitration
0x000000003bb11000 	/usr/lib/liblangid.dylib
0x000000003bb11000 	/System/Library/PrivateFrameworks/MultitouchSupport.framework/Versions/A/MultitouchSupport
0x000000003bb11000 	/System/Library/Frameworks/IOKit.framework/Versions/A/IOKit
0x000000003bb11000 	/usr/lib/libDiagnosticMessagesClient.dylib
0x000000003bb11000 	/System/Library/Frameworks/CoreServices.framework/Versions/A/CoreServices
0x000000003bb11000 	/System/Library/PrivateFrameworks/PerformanceAnalysis.framework/Versions/A/PerformanceAnalysis
0x000000003bb11000 	/System/Library/PrivateFrameworks/GenerationalStorage.framework/Versions/A/GenerationalStorage
0x000000003bb11000 	/System/Library/Frameworks/OpenGL.framework/Versions/A/OpenGL
0x000000003bb11000 	/System/Library/Frameworks/CoreImage.framework/Versions/A/CoreImage
0x000000003bb11000 	/System/Library/Frameworks/CoreText.framework/Versions/A/CoreText
0x000000003bb11000 	/System/Library/Frameworks/ImageIO.framework/Versions/A/ImageIO
0x000000003bb11000 	/System/Library/PrivateFrameworks/Backup.framework/Versions/A/Backup
0x000000003bb11000 	/usr/lib/libarchive.2.dylib
0x000000003bb11000 	/System/Library/Frameworks/CFNetwork.framework/Versions/A/CFNetwork
0x000000003bb11000 	/System/Library/Frameworks/SystemConfiguration.framework/Versions/A/SystemConfiguration
0x000000003bb11000 	/usr/lib/libCRFSuite.dylib
0x000000003bb11000 	/usr/lib/libc++.1.dylib
0x000000003bb11000 	/usr/lib/libc++abi.dylib
0x000000003bb11000 	/usr/lib/system/libcache.dylib
0x000000003bb11000 	/usr/lib/system/libcommonCrypto.dylib
0x000000003bb11000 	/usr/lib/system/libcompiler_rt.dylib
0x000000003bb11000 	/usr/lib/system/libcopyfile.dylib
0x000000003bb11000 	/usr/lib/system/libcorecrypto.dylib
0x000000003bb11000 	/usr/lib/system/libdispatch.dylib
0x000000003bb11000 	/usr/lib/system/libdyld.dylib
0x000000003bb11000 	/usr/lib/system/libkeymgr.dylib
0x000000003bb11000 	/usr/lib/system/liblaunch.dylib
0x000000003bb11000 	/usr/lib/system/libmacho.dylib
0x000000003bb11000 	/usr/lib/system/libquarantine.dylib
0x000000003bb11000 	/usr/lib/system/libremovefile.dylib
0x000000003bb11000 	/usr/lib/system/libsystem_asl.dylib
0x000000003bb11000 	/usr/lib/system/libsystem_blocks.dylib
0x000000003bb11000 	/usr/lib/system/libsystem_c.dylib
0x000000003bb11000 	/usr/lib/system/libsystem_configuration.dylib
0x000000003bb11000 	/usr/lib/system/libsystem_coreservices.dylib
0x000000003bb11000 	/usr/lib/system/libsystem_coretls.dylib
0x000000003bb11000 	/usr/lib/system/libsystem_dnssd.dylib
0x000000003bb11000 	/usr/lib/system/libsystem_info.dylib
0x000000003bb11000 	/usr/lib/system/libsystem_kernel.dylib
0x000000003bb11000 	/usr/lib/system/libsystem_m.dylib
0x000000003bb11000 	/usr/lib/system/libsystem_malloc.dylib
0x000000003bb11000 	/usr/lib/system/libsystem_network.dylib
0x000000003bb11000 	/usr/lib/system/libsystem_networkextension.dylib
0x000000003bb11000 	/usr/lib/system/libsystem_notify.dylib
0x000000003bb11000 	/usr/lib/system/libsystem_platform.dylib
0x000000003bb11000 	/usr/lib/system/libsystem_pthread.dylib
0x000000003bb11000 	/usr/lib/system/libsystem_sandbox.dylib
0x000000003bb11000 	/usr/lib/system/libsystem_secinit.dylib
0x000000003bb11000 	/usr/lib/system/libsystem_symptoms.dylib
0x000000003bb11000 	/usr/lib/system/libsystem_trace.dylib
0x000000003bb11000 	/usr/lib/system/libunwind.dylib
0x000000003bb11000 	/usr/lib/system/libxpc.dylib
0x000000003bb11000 	/usr/lib/libbsm.0.dylib
0x000000003bb11000 	/usr/lib/system/libkxld.dylib
0x000000003bb11000 	/usr/lib/libcoretls.dylib
0x000000003bb11000 	/usr/lib/libcoretls_cfhelpers.dylib
0x000000003bb11000 	/usr/lib/libxar.1.dylib
0x000000003bb11000 	/usr/lib/libsqlite3.dylib
0x000000003bb11000 	/usr/lib/libpam.2.dylib
0x000000003bb11000 	/usr/lib/libOpenScriptingUtil.dylib
0x000000003bb11000 	/usr/lib/libbz2.1.0.dylib
0x000000003bb11000 	/usr/lib/liblzma.5.dylib
0x000000003bb11000 	/usr/lib/libnetwork.dylib
0x000000003bb11000 	/usr/lib/libpcap.A.dylib
0x000000003bb11000 	/System/Library/Frameworks/CoreServices.framework/Versions/A/Frameworks/FSEvents.framework/Versions/A/FSEvents
0x000000003bb11000 	/System/Library/Frameworks/CoreServices.framework/Versions/A/Frameworks/CarbonCore.framework/Versions/A/CarbonCore
0x000000003bb11000 	/System/Library/Frameworks/CoreServices.framework/Versions/A/Frameworks/Metadata.framework/Versions/A/Metadata
0x000000003bb11000 	/System/Library/Frameworks/CoreServices.framework/Versions/A/Frameworks/OSServices.framework/Versions/A/OSServices
0x000000003bb11000 	/System/Library/Frameworks/CoreServices.framework/Versions/A/Frameworks/SearchKit.framework/Versions/A/SearchKit
0x000000003bb11000 	/System/Library/Frameworks/CoreServices.framework/Versions/A/Frameworks/AE.framework/Versions/A/AE
0x000000003bb11000 	/System/Library/Frameworks/CoreServices.framework/Versions/A/Frameworks/LaunchServices.framework/Versions/A/LaunchServices
0x000000003bb11000 	/System/Library/Frameworks/CoreServices.framework/Versions/A/Frameworks/DictionaryServices.framework/Versions/A/DictionaryServices
0x000000003bb11000 	/System/Library/Frameworks/CoreServices.framework/Versions/A/Frameworks/SharedFileList.framework/Versions/A/SharedFileList
0x000000003bb11000 	/System/Library/Frameworks/NetFS.framework/Versions/A/NetFS
0x000000003bb11000 	/System/Library/PrivateFrameworks/NetAuth.framework/Versions/A/NetAuth
0x000000003bb11000 	/System/Library/PrivateFrameworks/login.framework/Versions/A/Frameworks/loginsupport.framework/Versions/A/loginsupport
0x000000003bb11000 	/System/Library/PrivateFrameworks/TCC.framework/Versions/A/TCC
0x000000003bb11000 	/usr/lib/libmecabra.dylib
0x000000003bb11000 	/System/Library/Frameworks/ApplicationServices.framework/Versions/A/Frameworks/ATS.framework/Versions/A/ATS
0x000000003bb11000 	/System/Library/Frameworks/ApplicationServices.framework/Versions/A/Frameworks/ColorSync.framework/Versions/A/ColorSync
0x000000003bb11000 	/System/Library/Frameworks/ApplicationServices.framework/Versions/A/Frameworks/HIServices.framework/Versions/A/HIServices
0x000000003bb11000 	/System/Library/Frameworks/ApplicationServices.framework/Versions/A/Frameworks/LangAnalysis.framework/Versions/A/LangAnalysis
0x000000003bb11000 	/System/Library/Frameworks/ApplicationServices.framework/Versions/A/Frameworks/PrintCore.framework/Versions/A/PrintCore
0x000000003bb11000 	/System/Library/Frameworks/ApplicationServices.framework/Versions/A/Frameworks/QD.framework/Versions/A/QD
0x000000003bb11000 	/System/Library/Frameworks/ApplicationServices.framework/Versions/A/Frameworks/SpeechSynthesis.framework/Versions/A/SpeechSynthesis
0x000000003bb11000 	/System/Library/Frameworks/Accelerate.framework/Versions/A/Frameworks/vImage.framework/Versions/A/vImage
0x000000003bb11000 	/System/Library/Frameworks/Accelerate.framework/Versions/A/Frameworks/vecLib.framework/Versions/A/vecLib
0x000000003bb11000 	/System/Library/Frameworks/Accelerate.framework/Versions/A/Frameworks/vecLib.framework/Versions/A/libvDSP.dylib
0x000000003bb11000 	/System/Library/Frameworks/Accelerate.framework/Versions/A/Frameworks/vecLib.framework/Versions/A/libBNNS.dylib
0x000000003bb11000 	/System/Library/Frameworks/Accelerate.framework/Versions/A/Frameworks/vecLib.framework/Versions/A/libQuadrature.dylib
0x000000003bb11000 	/System/Library/Frameworks/Accelerate.framework/Versions/A/Frameworks/vecLib.framework/Versions/A/libvMisc.dylib
0x000000003bb11000 	/System/Library/Frameworks/Accelerate.framework/Versions/A/Frameworks/vecLib.framework/Versions/A/libLAPACK.dylib
0x000000003bb11000 	/System/Library/Frameworks/Accelerate.framework/Versions/A/Frameworks/vecLib.framework/Versions/A/libBLAS.dylib
0x000000003bb11000 	/System/Library/Frameworks/Accelerate.framework/Versions/A/Frameworks/vecLib.framework/Versions/A/libLinearAlgebra.dylib
0x000000003bb11000 	/System/Library/Frameworks/Accelerate.framework/Versions/A/Frameworks/vecLib.framework/Versions/A/libSparseBLAS.dylib
0x000000003bb11000 	/System/Library/Frameworks/ApplicationServices.framework/Versions/A/Frameworks/ATS.framework/Versions/A/Resources/libFontParser.dylib
0x000000003bb11000 	/System/Library/Frameworks/ApplicationServices.framework/Versions/A/Frameworks/ATS.framework/Versions/A/Resources/libFontRegistry.dylib
0x000000003bb11000 	/System/Library/Frameworks/ImageIO.framework/Versions/A/Resources/libJPEG.dylib
0x000000003bb11000 	/System/Library/Frameworks/ImageIO.framework/Versions/A/Resources/libTIFF.dylib
0x000000003bb11000 	/System/Library/Frameworks/ImageIO.framework/Versions/A/Resources/libPng.dylib
0x000000003bb11000 	/System/Library/Frameworks/ImageIO.framework/Versions/A/Resources/libGIF.dylib
0x000000003bb11000 	/System/Library/Frameworks/ImageIO.framework/Versions/A/Resources/libJP2.dylib
0x000000003bb11000 	/System/Library/Frameworks/ImageIO.framework/Versions/A/Resources/libRadiance.dylib
0x000000003bb11000 	/usr/lib/libcompression.dylib
0x000000003bb11000 	/System/Library/PrivateFrameworks/AppleJPEG.framework/Versions/A/AppleJPEG
0x000000003bb11000 	/usr/lib/libcups.2.dylib
0x000000003bb11000 	/System/Library/Frameworks/Kerberos.framework/Versions/A/Kerberos
0x000000003bb11000 	/System/Library/Frameworks/GSS.framework/Versions/A/GSS
0x000000003bb11000 	/usr/lib/libresolv.9.dylib
0x000000003bb11000 	/usr/lib/libiconv.2.dylib
0x000000003bb11000 	/System/Library/PrivateFrameworks/Heimdal.framework/Versions/A/Heimdal
0x000000003bb11000 	/usr/lib/libheimdal-asn1.dylib
0x000000003bb11000 	/System/Library/Frameworks/OpenDirectory.framework/Versions/A/OpenDirectory
0x000000003bb11000 	/System/Library/PrivateFrameworks/CommonAuth.framework/Versions/A/CommonAuth
0x000000003bb11000 	/System/Library/Frameworks/OpenDirectory.framework/Versions/A/Frameworks/CFOpenDirectory.framework/Versions/A/CFOpenDirectory
0x000000003bb11000 	/System/Library/Frameworks/SecurityFoundation.framework/Versions/A/SecurityFoundation
0x000000003bb11000 	/System/Library/PrivateFrameworks/LanguageModeling.framework/Versions/A/LanguageModeling
0x000000003bb11000 	/usr/lib/libmarisa.dylib
0x000000003bb11000 	/usr/lib/libChineseTokenizer.dylib
0x000000003bb11000 	/usr/lib/libcmph.dylib
0x000000003bb11000 	/System/Library/PrivateFrameworks/CoreEmoji.framework/Versions/A/CoreEmoji
0x000000003bb11000 	/System/Library/Frameworks/ServiceManagement.framework/Versions/A/ServiceManagement
0x000000003bb11000 	/usr/lib/libxslt.1.dylib
0x000000003bb11000 	/System/Library/Frameworks/Carbon.framework/Versions/A/Frameworks/Ink.framework/Versions/A/Ink
0x000000003bb11000 	/System/Library/PrivateFrameworks/TextureIO.framework/Versions/A/TextureIO
0x000000003bb11000 	/System/Library/Frameworks/Metal.framework/Versions/A/Metal
0x000000003bb11000 	/usr/lib/libate.dylib
0x000000003bb11000 	/System/Library/PrivateFrameworks/GPUCompiler.framework/libmetal_timestamp.dylib
0x000000003bb11000 	/System/Library/Frameworks/OpenGL.framework/Versions/A/Libraries/libCoreFSCache.dylib
0x000000003bb11000 	/System/Library/PrivateFrameworks/IOAccelerator.framework/Versions/A/IOAccelerator
0x000000003bb11000 	/System/Library/Frameworks/CoreVideo.framework/Versions/A/CoreVideo
0x000000003bb11000 	/usr/lib/libFosl_dynamic.dylib
0x000000003bb11000 	/System/Library/PrivateFrameworks/MetalPerformanceShaders.framework/Versions/A/MetalPerformanceShaders
0x000000003bb11000 	/System/Library/PrivateFrameworks/FaceCore.framework/Versions/A/FaceCore
0x000000003bb11000 	/System/Library/Frameworks/OpenCL.framework/Versions/A/OpenCL
0x000000003bb11000 	/System/Library/Frameworks/OpenGL.framework/Versions/A/Libraries/libGLU.dylib
0x000000003bb11000 	/System/Library/Frameworks/OpenGL.framework/Versions/A/Libraries/libGFXShared.dylib
0x000000003bb11000 	/System/Library/Frameworks/OpenGL.framework/Versions/A/Libraries/libGL.dylib
0x000000003bb11000 	/System/Library/Frameworks/OpenGL.framework/Versions/A/Libraries/libGLImage.dylib
0x000000003bb11000 	/System/Library/Frameworks/OpenGL.framework/Versions/A/Libraries/libCVMSPluginSupport.dylib
0x000000003bb11000 	/System/Library/Frameworks/OpenGL.framework/Versions/A/Libraries/libCoreVMClient.dylib
0x000000003bb11000 	/System/Library/PrivateFrameworks/CrashReporterSupport.framework/Versions/A/CrashReporterSupport
0x000000003bb11000 	/System/Library/PrivateFrameworks/Sharing.framework/Versions/A/Sharing
0x000000003bb11000 	/System/Library/PrivateFrameworks/IconServices.framework/Versions/A/IconServices
0x000000003bb11000 	/System/Library/PrivateFrameworks/ProtocolBuffer.framework/Versions/A/ProtocolBuffer
0x000000003bb11000 	/System/Library/PrivateFrameworks/Apple80211.framework/Versions/A/Apple80211
0x000000003bb11000 	/System/Library/Frameworks/CoreWLAN.framework/Versions/A/CoreWLAN
0x000000003bb11000 	/System/Library/PrivateFrameworks/CoreUtils.framework/Versions/A/CoreUtils
0x000000003bb11000 	/System/Library/Frameworks/IOBluetooth.framework/Versions/A/IOBluetooth
0x000000003bb11000 	/System/Library/PrivateFrameworks/CoreWiFi.framework/Versions/A/CoreWiFi
0x000000003bb11000 	/System/Library/Frameworks/CoreBluetooth.framework/Versions/A/CoreBluetooth
0x000000003bb11000 	/System/Library/Frameworks/CoreDisplay.framework/Versions/A/CoreDisplay
0x000000003bb11000 	/System/Library/PrivateFrameworks/IOPresentment.framework/Versions/A/IOPresentment
0x000000003bb11000 	/System/Library/PrivateFrameworks/DebugSymbols.framework/Versions/A/DebugSymbols
0x000000003bb11000 	/System/Library/PrivateFrameworks/CoreSymbolication.framework/Versions/A/CoreSymbolication
0x000000003bb11000 	/System/Library/PrivateFrameworks/Symbolication.framework/Versions/A/Symbolication
0x000000003bb11000 	/System/Library/PrivateFrameworks/AppleFSCompression.framework/Versions/A/AppleFSCompression
0x000000003bb11000 	/System/Library/PrivateFrameworks/SpeechRecognitionCore.framework/Versions/A/SpeechRecognitionCore
0x000000003bb11000 	/System/Library/PrivateFrameworks/ChunkingLibrary.framework/Versions/A/ChunkingLibrary
0x000000010febe000 	/Library/Java/JavaVirtualMachines/jdk1.8.0_101.jdk/Contents/Home/jre/lib/server/libjvm.dylib
0x000000003bb11000 	/usr/lib/libstdc++.6.dylib
0x0000000110e5b000 	/Library/Java/JavaVirtualMachines/jdk1.8.0_101.jdk/Contents/Home/jre/lib/libverify.dylib
0x0000000110e69000 	/Library/Java/JavaVirtualMachines/jdk1.8.0_101.jdk/Contents/Home/jre/lib/libjava.dylib
0x0000000110ea8000 	/Library/Java/JavaVirtualMachines/jdk1.8.0_101.jdk/Contents/Home/jre/lib/libzip.dylib
0x0000000115aad000 	/System/Library/Frameworks/JavaVM.framework/Frameworks/JavaRuntimeSupport.framework/JavaRuntimeSupport
0x0000000115ac7000 	/System/Library/Frameworks/JavaVM.framework/Versions/A/Frameworks/JavaNativeFoundation.framework/Versions/A/JavaNativeFoundation
0x0000000115adc000 	/System/Library/Frameworks/JavaVM.framework/Versions/A/JavaVM
0x000000003bb11000 	/System/Library/Frameworks/Carbon.framework/Versions/A/Carbon
0x0000000115ae9000 	/System/Library/PrivateFrameworks/JavaLaunching.framework/Versions/A/JavaLaunching
0x000000003bb11000 	/System/Library/Frameworks/Carbon.framework/Versions/A/Frameworks/CommonPanels.framework/Versions/A/CommonPanels
0x000000003bb11000 	/System/Library/Frameworks/Carbon.framework/Versions/A/Frameworks/Help.framework/Versions/A/Help
0x000000003bb11000 	/System/Library/Frameworks/Carbon.framework/Versions/A/Frameworks/ImageCapture.framework/Versions/A/ImageCapture
0x000000003bb11000 	/System/Library/Frameworks/Carbon.framework/Versions/A/Frameworks/OpenScripting.framework/Versions/A/OpenScripting
0x000000003bb11000 	/System/Library/Frameworks/Carbon.framework/Versions/A/Frameworks/Print.framework/Versions/A/Print
0x000000003bb11000 	/System/Library/Frameworks/Carbon.framework/Versions/A/Frameworks/SecurityHI.framework/Versions/A/SecurityHI
0x000000011742e000 	/Library/Java/JavaVirtualMachines/jdk1.8.0_101.jdk/Contents/Home/jre/lib/libawt.dylib
0x00000001174d6000 	/Library/Java/JavaVirtualMachines/jdk1.8.0_101.jdk/Contents/Home/jre/lib/./libmlib_image.dylib
0x00000001175a2000 	/Library/Java/JavaVirtualMachines/jdk1.8.0_101.jdk/Contents/Home/jre/lib/libawt_lwawt.dylib
0x0000000117657000 	/Library/Java/JavaVirtualMachines/jdk1.8.0_101.jdk/Contents/Home/jre/lib/./libosxapp.dylib
0x000000003bb11000 	/System/Library/Frameworks/ExceptionHandling.framework/Versions/A/ExceptionHandling
0x000000003bb11000 	/System/Library/PrivateFrameworks/CoreServicesInternal.framework/Versions/A/CoreServicesInternal
0x000000003bb11000 	/System/Library/CoreServices/RawCamera.bundle/Contents/MacOS/RawCamera
0x000000003bb11000 	/System/Library/Frameworks/Accelerate.framework/Versions/A/Frameworks/vImage.framework/Versions/A/Libraries/libCGInterfaces.dylib
0x000000003bb11000 	/System/Library/Frameworks/ApplicationServices.framework/Versions/A/Frameworks/ATS.framework/Versions/A/Resources/libTrueTypeScaler.dylib
0x000000003bb11000 	/System/Library/Frameworks/OpenGL.framework/Versions/A/Resources/GLEngine.bundle/GLEngine
0x000000003bb11000 	/System/Library/Frameworks/OpenGL.framework/Versions/A/Libraries/libGLProgrammability.dylib
0x0000000128053000 	/System/Library/Extensions/AppleIntelBDWGraphicsGLDriver.bundle/Contents/MacOS/AppleIntelBDWGraphicsGLDriver
0x000000003bb11000 	/System/Library/PrivateFrameworks/GPUSupport.framework/Versions/A/Libraries/libGPUSupportMercury.dylib
0x000000003bb11000 	/System/Library/Frameworks/OpenGL.framework/Versions/A/Resources/GLRendererFloat.bundle/GLRendererFloat
0x000000003bb11000 	/System/Library/Frameworks/OpenCL.framework/Versions/A/Libraries/libcldcpuengine.dylib
0x000000003bb11000 	/usr/lib/libcrypto.0.9.8.dylib
0x000000003bb11000 	/System/Library/PrivateFrameworks/TrustEvaluationAgent.framework/Versions/A/TrustEvaluationAgent
0x00000001287cd000 	/System/Library/Extensions/AppleIntelBDWGraphicsMTLDriver.bundle/Contents/MacOS/AppleIntelBDWGraphicsMTLDriver
0x000000003bb11000 	/System/Library/PrivateFrameworks/FamilyControls.framework/Versions/A/FamilyControls
0x000000003bb11000 	/System/Library/PrivateFrameworks/CommerceKit.framework/Versions/A/Frameworks/CommerceCore.framework/Versions/A/CommerceCore
0x000000003bb11000 	/System/Library/PrivateFrameworks/SystemAdministration.framework/Versions/A/SystemAdministration
0x000000003bb11000 	/System/Library/PrivateFrameworks/AppContainer.framework/Versions/A/AppContainer
0x000000003bb11000 	/System/Library/PrivateFrameworks/SecCodeWrapper.framework/Versions/A/SecCodeWrapper
0x000000003bb11000 	/System/Library/Frameworks/DirectoryService.framework/Versions/A/DirectoryService
0x000000003bb11000 	/System/Library/PrivateFrameworks/DiskImages.framework/Versions/A/DiskImages
0x000000003bb11000 	/System/Library/PrivateFrameworks/LoginUIKit.framework/Versions/A/Frameworks/LoginUICore.framework/Versions/A/LoginUICore
0x000000003bb11000 	/usr/lib/libCoreStorage.dylib
0x000000003bb11000 	/usr/lib/libcsfde.dylib
0x000000003bb11000 	/usr/lib/libodfde.dylib
0x000000003bb11000 	/System/Library/Frameworks/DiscRecording.framework/Versions/A/DiscRecording
0x000000003bb11000 	/usr/lib/libcurl.4.dylib
0x000000003bb11000 	/System/Library/PrivateFrameworks/MediaKit.framework/Versions/A/MediaKit
0x000000003bb11000 	/System/Library/PrivateFrameworks/ProtectedCloudStorage.framework/Versions/A/ProtectedCloudStorage
0x000000003bb11000 	/System/Library/PrivateFrameworks/EFILogin.framework/Versions/A/EFILogin
0x000000003bb11000 	/usr/lib/libutil.dylib
0x000000003bb11000 	/System/Library/Frameworks/LDAP.framework/Versions/A/LDAP
0x000000003bb11000 	/usr/lib/libsasl2.2.dylib
0x000000003bb11000 	/System/Library/PrivateFrameworks/CoreDaemon.framework/Versions/B/CoreDaemon
0x000000003bb11000 	/System/Library/PrivateFrameworks/AppleSRP.framework/Versions/A/AppleSRP
0x000000003bb11000 	/System/Library/PrivateFrameworks/APFS.framework/Versions/A/APFS
0x000000012a3e0000 	/Library/Java/JavaVirtualMachines/jdk1.8.0_101.jdk/Contents/Home/jre/lib/libfontmanager.dylib
0x000000012b75b000 	/Library/Java/JavaVirtualMachines/jdk1.8.0_101.jdk/Contents/Home/jre/lib/libosxui.dylib
0x000000003bb11000 	/System/Library/PrivateFrameworks/ViewBridge.framework/Versions/A/ViewBridge
0x000000003bb11000 	/System/Library/PrivateFrameworks/XPCService.framework/Versions/A/XPCService
0x000000003bb11000 	/System/Library/PrivateFrameworks/AppSandbox.framework/Versions/A/AppSandbox
0x000000003bb11000 	/usr/lib/libsandbox.1.dylib
0x000000003bb11000 	/usr/lib/libMatch.1.dylib
0x000000012c49d000 	/Library/Java/JavaVirtualMachines/jdk1.8.0_101.jdk/Contents/Home/jre/lib/libnet.dylib
0x000000012c2ad000 	/Library/Java/JavaVirtualMachines/jdk1.8.0_101.jdk/Contents/Home/jre/lib/libnio.dylib
0x000000012b469000 	/private/var/folders/vv/0np7xcc51zn7z1z4vd2wkksm0000gn/T/jogamp_0000/file_cache/jln1503637340923717582/jln981294415168209957/libgluegen-rt.jnilib
0x000000012b46d000 	/private/var/folders/vv/0np7xcc51zn7z1z4vd2wkksm0000gn/T/jogamp_0000/file_cache/jln1503637340923717582/jln981294415168209957/libnativewindow_awt.jnilib
0x000000016a7ee000 	/Library/Java/JavaVirtualMachines/jdk1.8.0_101.jdk/Contents/Home/jre/lib/libjawt.dylib
0x000000016a7f1000 	/private/var/folders/vv/0np7xcc51zn7z1z4vd2wkksm0000gn/T/jogamp_0000/file_cache/jln1503637340923717582/jln981294415168209957/libnativewindow_macosx.jnilib
0x000000016c704000 	/private/var/folders/vv/0np7xcc51zn7z1z4vd2wkksm0000gn/T/jogamp_0000/file_cache/jln1503637340923717582/jln981294415168209957/libjogl_desktop.jnilib
0x000000003bb11000 	/System/Library/PrivateFrameworks/Shortcut.framework/Versions/A/Shortcut
0x000000003bb11000 	/System/Library/PrivateFrameworks/HelpData.framework/Versions/A/HelpData

VM Arguments:
jvm_args: -Djava.security.policy=java.policy.applet -Dfile.encoding=UTF-8 
java_command: sun.applet.AppletViewer module6.EarthquakeCityMap1476575113244.html
java_class_path (initial): /Users/shadkhan/Documents/workspace/UCSDUnfoldingMaps/build:/Users/shadkhan/Documents/workspace/UCSDUnfoldingMaps/lib/core.jar:/Users/shadkhan/Documents/workspace/UCSDUnfoldingMaps/lib/gluegen-rt.jar:/Users/shadkhan/Documents/workspace/UCSDUnfoldingMaps/lib/jogl-all.jar:/Users/shadkhan/Documents/workspace/UCSDUnfoldingMaps/lib/log4j-1.2.15.jar:/Users/shadkhan/Documents/workspace/UCSDUnfoldingMaps/lib/sqlite-jdbc-3.7.2.jar:/Users/shadkhan/Documents/workspace/UCSDUnfoldingMaps/lib/json4processing.jar:/Users/shadkhan/Documents/workspace/UCSDUnfoldingMaps/lib/libTUIO.jar:/Users/shadkhan/Documents/workspace/UCSDUnfoldingMaps/lib/unfolding.0.9.7-uscd.jar
Launcher Type: SUN_STANDARD

Environment Variables:
PATH=/usr/bin:/bin:/usr/sbin:/sbin
SHELL=/bin/bash

Signal Handlers:
SIGSEGV: [libjvm.dylib+0x5af145], sa_mask[0]=11111111011111110111111111111111, sa_flags=SA_ONSTACK|SA_RESTART|SA_SIGINFO
SIGBUS: [libjvm.dylib+0x5af145], sa_mask[0]=11111111011111110111111111111111, sa_flags=SA_RESTART|SA_SIGINFO
SIGFPE: [libjvm.dylib+0x48694c], sa_mask[0]=11111111011111110111111111111111, sa_flags=SA_RESTART|SA_SIGINFO
SIGPIPE: [libjvm.dylib+0x48694c], sa_mask[0]=11111111011111110111111111111111, sa_flags=SA_RESTART|SA_SIGINFO
SIGXFSZ: [libjvm.dylib+0x48694c], sa_mask[0]=11111111011111110111111111111111, sa_flags=SA_RESTART|SA_SIGINFO
SIGILL: [libjvm.dylib+0x48694c], sa_mask[0]=11111111011111110111111111111111, sa_flags=SA_RESTART|SA_SIGINFO
SIGUSR1: SIG_DFL, sa_mask[0]=00000000000000000000000000000000, sa_flags=none
SIGUSR2: [libjvm.dylib+0x48646a], sa_mask[0]=00100000000000000000000000000000, sa_flags=SA_RESTART|SA_SIGINFO
SIGHUP: [libjvm.dylib+0x484a41], sa_mask[0]=11111111011111110111111111111111, sa_flags=SA_RESTART|SA_SIGINFO
SIGINT: [libjvm.dylib+0x484a41], sa_mask[0]=11111111011111110111111111111111, sa_flags=SA_RESTART|SA_SIGINFO
SIGTERM: [libjvm.dylib+0x484a41], sa_mask[0]=11111111011111110111111111111111, sa_flags=SA_RESTART|SA_SIGINFO
SIGQUIT: [libjvm.dylib+0x484a41], sa_mask[0]=11111111011111110111111111111111, sa_flags=SA_RESTART|SA_SIGINFO


---------------  S Y S T E M  ---------------

OS:Bsduname:Darwin 16.0.0 Darwin Kernel Version 16.0.0: Mon Aug 29 17:56:20 PDT 2016; root:xnu-3789.1.32~3/RELEASE_X86_64 x86_64
rlimit: STACK 8192k, CORE 0k, NPROC 709, NOFILE 10240, AS infinity
load average:1.95 2.08 2.11

CPU:total 4 (2 cores per cpu, 2 threads per core) family 6 model 61 stepping 4, cmov, cx8, fxsr, mmx, sse, sse2, sse3, ssse3, sse4.1, sse4.2, popcnt, avx, avx2, aes, clmul, erms, 3dnowpref, lzcnt, ht, tsc, tscinvbit, bmi1, bmi2, adx

Memory: 4k page, physical 4194304k(23020k free)

/proc/meminfo:


vm_info: Java HotSpot(TM) 64-Bit Server VM (25.101-b13) for bsd-amd64 JRE (1.8.0_101-b13), built on Jun 22 2016 02:42:15 by "java_re" with gcc 4.2.1 (Based on Apple Inc. build 5658) (LLVM build 2336.11.00)

time: Sat Oct 15 19:45:54 2016
elapsed time: 41 seconds (0d 0h 0m 41s)

